<?xml version="1.0" encoding="UTF-8"?>
<!-- Generated by org.testng.reporters.JUnitXMLReporter -->
<testsuite hostname="DIN66008786" ignored="0" name="Default test" tests="3" failures="0" timestamp="31 May 2018 10:57:44 GMT" time="51.43" errors="0">
  <testcase name="loginpageTitletest" time="0.028" classname="com.crm.qa.testcases.LoginPageTest"/>
  <testcase name="CRMlogoTest" time="0.06" classname="com.crm.qa.testcases.LoginPageTest"/>
  <testcase name="loginTest" time="9.461" classname="com.crm.qa.testcases.LoginPageTest"/>
</testsuite> <!-- Default test -->
